\BOOKMARK [0][-]{chapter*.4}{\376\377\000\332\000v\000o\000d}{}% 1
\BOOKMARK [0][-]{chapter.1}{\376\377\000T\000v\000o\000r\000b\000a\000\040\000m\000o\000d\000e\000l\000u}{}% 2
\BOOKMARK [1][-]{section.1.1}{\376\377\0003\000D\000\040\000m\000o\000d\000e\000l\000o\000v\000\341\000n\000\355}{chapter.1}% 3
\BOOKMARK [2][-]{subsection.1.1.1}{\376\377\000V\000\375\000b\001\033\000r\000\040\000s\000o\000f\000t\000w\000a\000r\000u}{section.1.1}% 4
\BOOKMARK [2][-]{subsection.1.1.2}{\376\377\000V\000\375\000h\000o\000d\000y\000\040\000a\000\040\000n\000e\000v\000\375\000h\000o\000d\000y\000\040\000A\000u\000t\000o\000d\000e\000s\000k\000\040\000I\000n\000v\000e\000n\000t\000o\000r\000u}{section.1.1}% 5
\BOOKMARK [2][-]{subsection.1.1.3}{\376\377\000M\000o\000d\000e\000l\000o\000v\000\341\000n\000\355\000\040\000k\000o\000n\000s\000t\000r\000u\000k\000c\000e}{section.1.1}% 6
\BOOKMARK [2][-]{subsection.1.1.4}{\376\377\000M\000o\000d\000e\000l\000o\000v\000\341\000n\000\355\000\040\000b\000r\000\341\000n\000y}{section.1.1}% 7
\BOOKMARK [2][-]{subsection.1.1.5}{\376\377\000M\000o\000d\000e\000l\000o\000v\000\341\000n\000\355\000\040\000o\000z\000u\000b\000e\000n\000\351\000h\000o\000\040\000k\000o\000l\000e\001\015\000k\000a\000\040\000a\000\040\000o\000z\000u\000b\000e\000n\000\351\000\040\000l\000i\001\141\000t\000y}{section.1.1}% 8
\BOOKMARK [2][-]{subsection.1.1.6}{\376\377\000M\000o\000d\000e\000l\000o\000v\000\341\000n\000\355\000\040\000d\000e\000s\000t\000i\001\015\000e\000k\000\040\000a\000\040\001\015\000e\000p\000i\001\015\000e\000k}{section.1.1}% 9
\BOOKMARK [1][-]{section.1.2}{\376\377\0003\000D\000\040\000t\000i\000s\000k}{chapter.1}% 10
\BOOKMARK [1][-]{section.1.3}{\376\377\000S\000e\000s\000t\000a\000v\000o\000v\000\341\000n\000\355\000\040\000m\000o\000d\000e\000l\000u}{chapter.1}% 11
\BOOKMARK [0][-]{chapter.2}{\376\377\000H\000a\000r\000d\000w\000a\000r\000e}{}% 12
\BOOKMARK [1][-]{section.2.1}{\376\377\000S\000e\000z\000n\000a\000m\000\040\000p\000o\000u\001\176\000i\000t\000\351\000h\000o\000\040\000h\000a\000r\000d\000w\000a\000r\000u}{chapter.2}% 13
\BOOKMARK [1][-]{section.2.2}{\376\377\000S\000c\000h\000\351\000m\000a\000\040\000h\000a\000r\000d\000w\000a\000r\000u}{chapter.2}% 14
\BOOKMARK [1][-]{section.2.3}{\376\377\000A\000r\000d\000u\000i\000n\000o}{chapter.2}% 15
\BOOKMARK [1][-]{section.2.4}{\376\377\000P\000r\000o\000b\000l\000\351\000m\000y\000\040\000s\000\040\000h\000a\000r\000d\000w\000a\000r\000e\000m}{chapter.2}% 16
\BOOKMARK [0][-]{chapter.3}{\376\377\000F\000u\000n\000k\000c\000e\000\040\000m\000o\000d\000e\000l\000u\000\040\000b\000r\000\341\000n\000y}{}% 17
\BOOKMARK [1][-]{section.3.1}{\376\377\000O\000t\000e\000v\001\131\000e\000n\000\355\000,\000\040\000z\000a\000v\001\131\000e\000n\000\355\000\040\000a\000\040\000z\000a\000s\000t\000a\000v\000e\000n\000\355}{chapter.3}% 18
\BOOKMARK [1][-]{section.3.2}{\376\377\000S\000e\000n\000z\000o\000r\000\040\000n\000a\000\040\000p\000o\000h\000y\000b}{chapter.3}% 19
\BOOKMARK [1][-]{section.3.3}{\376\377\000L\000E\000D\000\040\000i\000n\000d\000i\000k\000\341\000t\000o\000r\000y\000\040\000a\000\040\000m\000o\000t\000o\000r}{chapter.3}% 20
\BOOKMARK [1][-]{section.3.4}{\376\377\000O\000p\000t\000i\000m\000a\000l\000i\000z\000a\000c\000e\000\040\000k\000\363\000d\000u}{chapter.3}% 21
\BOOKMARK [1][-]{section.3.5}{\376\377\000O\000v\000l\000\341\000d\000\341\000n\000\355\000\040\000b\000r\000\341\000n\000y}{chapter.3}% 22
\BOOKMARK [0][-]{chapter*.13}{\376\377\000Z\000\341\000v\001\033\000r}{}% 23
